# JRE version: Java(TM) SE Runtime Environment (7.0_65-b19) (build 1.7.0_65-b19)
# Java VM: Java HotSpot(TM) 64-Bit Server VM (24.65-b04 mixed mode windows-amd64 compressed oops)
Heap
 PSYoungGen      total 142848K, used 125305K [0x00000000f5500000, 0x00000000feb00000, 0x0000000100000000)
  eden space 132096K, 88% used [0x00000000f5500000,0x00000000fc6e9348,0x00000000fd600000)
  from space 10752K, 80% used [0x00000000fe080000,0x00000000fe8f5118,0x00000000feb00000)
  to   space 10752K, 99% used [0x00000000fd600000,0x00000000fe07c050,0x00000000fe080000)
 ParOldGen       total 175104K, used 2045K [0x00000000e0000000, 0x00000000eab00000, 0x00000000f5500000)
  object space 175104K, 1% used [0x00000000e0000000,0x00000000e02016c8,0x00000000eab00000)
 PSPermGen       total 21504K, used 20758K [0x00000000dae00000, 0x00000000dc300000, 0x00000000e0000000)
  object space 21504K, 96% used [0x00000000dae00000,0x00000000dc245a88,0x00000000dc300000)
GC Heap History (5 events):
Event: 1.376 GC heap before
{Heap before GC invocations=1 (full 0):
 PSYoungGen      total 76800K, used 66048K [0x00000000f5500000, 0x00000000faa80000, 0x0000000100000000)
  eden space 66048K, 100% used [0x00000000f5500000,0x00000000f9580000,0x00000000f9580000)
  from space 10752K, 0% used [0x00000000fa000000,0x00000000fa000000,0x00000000faa80000)
  to   space 10752K, 0% used [0x00000000f9580000,0x00000000f9580000,0x00000000fa000000)
 ParOldGen       total 175104K, used 0K [0x00000000e0000000, 0x00000000eab00000, 0x00000000f5500000)
  object space 175104K, 0% used [0x00000000e0000000,0x00000000e0000000,0x00000000eab00000)
 PSPermGen       total 21504K, used 11872K [0x00000000dae00000, 0x00000000dc300000, 0x00000000e0000000)
  object space 21504K, 55% used [0x00000000dae00000,0x00000000db998040,0x00000000dc300000)
Event: 1.393 GC heap after
Heap after GC invocations=1 (full 0):
 PSYoungGen      total 76800K, used 9346K [0x00000000f5500000, 0x00000000feb00000, 0x0000000100000000)
  eden space 66048K, 0% used [0x00000000f5500000,0x00000000f5500000,0x00000000f9580000)
  from space 10752K, 86% used [0x00000000f9580000,0x00000000f9ea0bc8,0x00000000fa000000)
  to   space 10752K, 0% used [0x00000000fe080000,0x00000000fe080000,0x00000000feb00000)
 ParOldGen       total 175104K, used 8K [0x00000000e0000000, 0x00000000eab00000, 0x00000000f5500000)
  object space 175104K, 0% used [0x00000000e0000000,0x00000000e0002000,0x00000000eab00000)
 PSPermGen       total 21504K, used 11872K [0x00000000dae00000, 0x00000000dc300000, 0x00000000e0000000)
  object space 21504K, 55% used [0x00000000dae00000,0x00000000db998040,0x00000000dc300000)
}
Event: 2.866 GC heap before
{Heap before GC invocations=2 (full 0):
 PSYoungGen      total 76800K, used 75394K [0x00000000f5500000, 0x00000000feb00000, 0x0000000100000000)
  eden space 66048K, 100% used [0x00000000f5500000,0x00000000f9580000,0x00000000f9580000)
  from space 10752K, 86% used [0x00000000f9580000,0x00000000f9ea0bc8,0x00000000fa000000)
  to   space 10752K, 0% used [0x00000000fe080000,0x00000000fe080000,0x00000000feb00000)
 ParOldGen       total 175104K, used 8K [0x00000000e0000000, 0x00000000eab00000, 0x00000000f5500000)
  object space 175104K, 0% used [0x00000000e0000000,0x00000000e0002000,0x00000000eab00000)
 PSPermGen       total 21504K, used 14400K [0x00000000dae00000, 0x00000000dc300000, 0x00000000e0000000)
  object space 21504K, 66% used [0x00000000dae00000,0x00000000dbc10080,0x00000000dc300000)
Event: 2.886 GC heap after
Heap after GC invocations=2 (full 0):
 PSYoungGen      total 142848K, used 8660K [0x00000000f5500000, 0x00000000feb00000, 0x0000000100000000)
  eden space 132096K, 0% used [0x00000000f5500000,0x00000000f5500000,0x00000000fd600000)
  from space 10752K, 80% used [0x00000000fe080000,0x00000000fe8f5118,0x00000000feb00000)
  to   space 10752K, 0% used [0x00000000fd600000,0x00000000fd600000,0x00000000fe080000)
 ParOldGen       total 175104K, used 8K [0x00000000e0000000, 0x00000000eab00000, 0x00000000f5500000)
  object space 175104K, 0% used [0x00000000e0000000,0x00000000e0002000,0x00000000eab00000)
 PSPermGen       total 21504K, used 14400K [0x00000000dae00000, 0x00000000dc300000, 0x00000000e0000000)
  object space 21504K, 66% used [0x00000000dae00000,0x00000000dbc10080,0x00000000dc300000)
}
Event: 6.884 GC heap before
{Heap before GC invocations=3 (full 0):
 PSYoungGen      total 142848K, used 125305K [0x00000000f5500000, 0x00000000feb00000, 0x0000000100000000)
  eden space 132096K, 88% used [0x00000000f5500000,0x00000000fc6e9348,0x00000000fd600000)
  from space 10752K, 80% used [0x00000000fe080000,0x00000000fe8f5118,0x00000000feb00000)
  to   space 10752K, 0% used [0x00000000fd600000,0x00000000fd600000,0x00000000fe080000)
 ParOldGen       total 175104K, used 8K [0x00000000e0000000, 0x00000000eab00000, 0x00000000f5500000)
  object space 175104K, 0% used [0x00000000e0000000,0x00000000e0002000,0x00000000eab00000)
 PSPermGen       total 21504K, used 20758K [0x00000000dae00000, 0x00000000dc300000, 0x00000000e0000000)
  object space 21504K, 96% used [0x00000000dae00000,0x00000000dc245a88,0x00000000dc300000)

